c:\users\gr277128\documents\github\pine\buildwin\main.dir\debug\vc143.pdb
c:\users\gr277128\documents\github\pine\buildwin\main.dir\debug\scene.obj
c:\users\gr277128\documents\github\pine\buildwin\main.dir\debug\luascene.obj
c:\users\gr277128\documents\github\pine\buildwin\main.dir\debug\components.obj
c:\users\gr277128\documents\github\pine\buildwin\main.dir\debug\vertexbuffer.obj
c:\users\gr277128\documents\github\pine\buildwin\main.dir\debug\vertexarray.obj
c:\users\gr277128\documents\github\pine\buildwin\main.dir\debug\texturepool.obj
c:\users\gr277128\documents\github\pine\buildwin\main.dir\debug\texture.obj
c:\users\gr277128\documents\github\pine\buildwin\main.dir\debug\shader.obj
c:\users\gr277128\documents\github\pine\buildwin\main.dir\debug\renderer.obj
c:\users\gr277128\documents\github\pine\buildwin\main.dir\debug\quadmesh.obj
c:\users\gr277128\documents\github\pine\buildwin\main.dir\debug\indexbuffer.obj
c:\users\gr277128\documents\github\pine\buildwin\main.dir\debug\camera.obj
c:\users\gr277128\documents\github\pine\buildwin\main.dir\debug\main.obj
c:\users\gr277128\documents\github\pine\buildwin\main.dir\debug\luaevents.obj
c:\users\gr277128\documents\github\pine\buildwin\main.dir\debug\window.obj
c:\users\gr277128\documents\github\pine\buildwin\main.dir\debug\scriptengine.obj
c:\users\gr277128\documents\github\pine\buildwin\main.dir\debug\sceneparser.obj
c:\users\gr277128\documents\github\pine\buildwin\main.dir\debug\luautils.obj
c:\users\gr277128\documents\github\pine\buildwin\main.dir\debug\input.obj
c:\users\gr277128\documents\github\pine\buildwin\main.dir\debug\application.obj
c:\users\gr277128\documents\github\pine\buildwin\main.dir\debug\tinyxml2.obj
c:\users\gr277128\documents\github\pine\buildwin\main.dir\debug\sceneserializer.obj
c:\users\gr277128\documents\github\pine\buildwin\main.dir\debug\scenemanager.obj
c:\users\gr277128\documents\github\pine\buildwin\cmakefiles\generate.stamp
c:\users\gr277128\documents\github\pine\buildwin\debug\main.exe
c:\users\gr277128\documents\github\pine\buildwin\debug\main.pdb
c:\users\gr277128\documents\github\pine\buildwin\main.dir\debug\main.iobj
c:\users\gr277128\documents\github\pine\buildwin\debug\glfw3.dll
c:\users\gr277128\documents\github\pine\buildwin\main.dir\debug\main.tlog\cl.command.1.tlog
c:\users\gr277128\documents\github\pine\buildwin\main.dir\debug\main.tlog\cl.read.1.tlog
c:\users\gr277128\documents\github\pine\buildwin\main.dir\debug\main.tlog\cl.write.1.tlog
c:\users\gr277128\documents\github\pine\buildwin\main.dir\debug\main.tlog\custombuild.command.1.tlog
c:\users\gr277128\documents\github\pine\buildwin\main.dir\debug\main.tlog\custombuild.read.1.tlog
c:\users\gr277128\documents\github\pine\buildwin\main.dir\debug\main.tlog\custombuild.write.1.tlog
c:\users\gr277128\documents\github\pine\buildwin\main.dir\debug\main.tlog\link.command.1.tlog
c:\users\gr277128\documents\github\pine\buildwin\main.dir\debug\main.tlog\link.read.1.tlog
c:\users\gr277128\documents\github\pine\buildwin\main.dir\debug\main.tlog\link.write.1.tlog
c:\users\gr277128\documents\github\pine\buildwin\main.dir\debug\main.tlog\main.write.1u.tlog
