  Building Custom Rule C:/Users/gr277128/Documents/GitHub/Pine/CMakeLists.txt
  Application.cpp
C:\Users\gr277128\Documents\GitHub\Pine\core\src\Application.cpp(44,55): warning C4244: 'argument': conversion from 'double' to 'const float', possible loss of data
C:\Users\gr277128\Documents\GitHub\Pine\core\src\Application.cpp(113,41): warning C4244: 'initializing': conversion from 'double' to 'float', possible loss of data
C:\Users\gr277128\Documents\GitHub\Pine\core\src\Application.cpp(113,27): warning C4244: 'initializing': conversion from 'double' to 'const float', possible loss of data
C:\Program Files\Microsoft Visual Studio\2022\Community\VC\Tools\MSVC\14.33.31629\include\memory(3437,56): warning C4244: 'argument': conversion from '_Ty' to 'const float', possible loss of data
          with
          [
              _Ty=double
          ]
C:\Users\gr277128\Documents\GitHub\Pine\core\src\Application.cpp(43): message : see reference to function template instantiation 'std::unique_ptr<Camera,std::default_delete<Camera>> std::make_unique<Camera,float,double,bool,0>(float &&,double &&,bool &&)' being compiled
  Input.cpp
  LuaUtils.cpp
  SceneParser.cpp
  ScriptEngine.cpp
  Window.cpp
  LuaEvents.cpp
  main.cpp
  Camera.cpp
  IndexBuffer.cpp
  QuadMesh.cpp
  Renderer.cpp
  Shader.cpp
  Texture.cpp
  TexturePool.cpp
  VertexArray.cpp
  VertexBuffer.cpp
  Components.cpp
C:\Users\gr277128\Documents\GitHub\Pine\core\src\scene\Components.cpp(78,1): warning C4267: 'return': conversion from 'size_t' to 'component::Script::id_t', possible loss of data
  LuaScene.cpp
  Scene.cpp
  Compiling...
  SceneManager.cpp
C:\Users\gr277128\Documents\GitHub\Pine\core\src\scene\SceneManager.cpp(15,1): warning C4267: 'return': conversion from 'size_t' to 'uint32_t', possible loss of data
  SceneSerializer.cpp
  tinyxml2.cpp
LINK : warning LNK4075: ignoring '/INCREMENTAL' due to '/LTCG' specification
  Generating code
C:\Users\gr277128\Documents\GitHub\Pine\core\src\SceneParser.cpp(37): warning C4715: 'type_to_name': not all control paths return a value
C:\Users\gr277128\Documents\GitHub\Pine\core\src\ScriptEngine.cpp(48): warning C4715: 'ScriptEngine::run_script': not all control paths return a value
  Finished generating code
  main.vcxproj -> C:\Users\gr277128\Documents\GitHub\Pine\buildwin\Debug\main.exe
